2023-08-08 20:19:27,549 [INFO] Activator:176 - 


2023-08-08 20:19:27,549 [INFO] Activator:177 - !SESSION log4j initialized
2023-08-08 20:19:32,282 [INFO] LogOutputStream:77 - [STDOUT_REDIRECT] 
2023-08-08 20:19:39,066 [INFO] ApplicationProperties:184 - Using Application install path: C:\STM32\STM32CubeIDE\STM32CubeIDE\plugins\com.st.stm32cube.common.mx_6.9.1.202307191849
2023-08-08 20:19:39,079 [INFO] DbMcusXml:78 - Set database path to: C:\STM32\STM32CubeIDE\STM32CubeIDE\plugins\com.st.stm32cube.common.mx_6.9.1.202307191849\\db\/mcu/
2023-08-08 20:19:39,079 [INFO] ApiDb:274 - Set plugin database path to: C:\STM32\STM32CubeIDE\STM32CubeIDE\plugins\com.st.stm32cube.common.mx_6.9.1.202307191849\\db\/plugins/boardmanager/
2023-08-08 20:19:39,080 [WARN] ApiDb:259 - Overriding images path with different value:  => C:\STM32\STM32CubeIDE\STM32CubeIDE\plugins\com.st.stm32cube.common.mx_6.9.1.202307191849\\db\/plugins/mcufinder/images/
2023-08-08 20:19:39,091 [INFO] ApiDb:250 - Set database path to: C:\Users\ZoMbiE\.stmcufinder\plugins\mcufinder//mcu/
2023-08-08 20:19:39,092 [INFO] DbMcusAds:125 - Set database path to: C:\Users\ZoMbiE\.stmcufinder\plugins\mcufinder//mcu/
2023-08-08 20:19:39,093 [INFO] CrossReferenceDbSqlite:203 - Set database path to: C:\Users\ZoMbiE\.stmcufinder\plugins\mcufinder//mcu/cs/
2023-08-08 20:19:39,187 [INFO] RulesReader:64 - Compatibility file has been processed (293 Rules)
2023-08-08 20:19:51,892 [INFO] DbMcusXml:78 - Set database path to: C:\STM32\STM32CubeIDE\STM32CubeIDE\plugins\com.st.stm32cube.common.mx_6.9.1.202307191849\\db\/mcu/
2023-08-08 20:19:51,892 [INFO] ApiDb:274 - Set plugin database path to: C:\STM32\STM32CubeIDE\STM32CubeIDE\plugins\com.st.stm32cube.common.mx_6.9.1.202307191849\\db\/plugins/boardmanager/
2023-08-08 20:19:51,893 [INFO] ApiDb:261 - Set plugin images path to: C:\STM32\STM32CubeIDE\STM32CubeIDE\plugins\com.st.stm32cube.common.mx_6.9.1.202307191849\\db\/plugins/mcufinder/images/
2023-08-08 20:19:51,893 [WARN] DbFile:41 - Overriding database path with different value: C:\Users\ZoMbiE\.stmcufinder\plugins\mcufinder/ => C:\Users\ZoMbiE\.stmcufinder\plugins\mcufinder
2023-08-08 20:19:51,893 [INFO] ApiDb:250 - Set database path to: C:\Users\ZoMbiE\.stmcufinder\plugins\mcufinder//mcu/
2023-08-08 20:19:51,893 [WARN] DbFile:41 - Overriding database path with different value: C:\Users\ZoMbiE\.stmcufinder\plugins\mcufinder/ => C:\Users\ZoMbiE\.stmcufinder\plugins\mcufinder
2023-08-08 20:19:51,893 [INFO] DbMcusAds:125 - Set database path to: C:\Users\ZoMbiE\.stmcufinder\plugins\mcufinder//mcu/
2023-08-08 20:19:51,893 [WARN] DbFile:41 - Overriding database path with different value: C:\Users\ZoMbiE\.stmcufinder\plugins\mcufinder/ => C:\Users\ZoMbiE\.stmcufinder\plugins\mcufinder
2023-08-08 20:19:51,893 [WARN] DbFile:41 - Overriding database path with different value: C:\Users\ZoMbiE\.stmcufinder\plugins\mcufinder/ => C:\Users\ZoMbiE\.stmcufinder\plugins\mcufinder
2023-08-08 20:19:51,916 [INFO] CrossReferenceDbSqlite:203 - Set database path to: C:\Users\ZoMbiE\.stmcufinder\plugins\mcufinder//mcu/cs/
2023-08-08 20:19:51,981 [INFO] MainPanel:262 - HeapMemory: 268435456
2023-08-08 20:19:52,055 [INFO] DbMcusXml:78 - Set database path to: C:\STM32\STM32CubeIDE\STM32CubeIDE\plugins\com.st.stm32cube.common.mx_6.9.1.202307191849\\db\/mcu/
2023-08-08 20:19:52,055 [INFO] ApiDb:274 - Set plugin database path to: C:\STM32\STM32CubeIDE\STM32CubeIDE\plugins\com.st.stm32cube.common.mx_6.9.1.202307191849\\db\/plugins/boardmanager/
2023-08-08 20:19:52,055 [INFO] ApiDb:261 - Set plugin images path to: C:\STM32\STM32CubeIDE\STM32CubeIDE\plugins\com.st.stm32cube.common.mx_6.9.1.202307191849\\db\/plugins/mcufinder/images/
2023-08-08 20:19:52,055 [WARN] DbFile:41 - Overriding database path with different value: C:\Users\ZoMbiE\.stmcufinder\plugins\mcufinder/ => C:\Users\ZoMbiE\.stmcufinder\plugins\mcufinder
2023-08-08 20:19:52,056 [INFO] ApiDb:250 - Set database path to: C:\Users\ZoMbiE\.stmcufinder\plugins\mcufinder//mcu/
2023-08-08 20:19:52,056 [WARN] DbFile:41 - Overriding database path with different value: C:\Users\ZoMbiE\.stmcufinder\plugins\mcufinder/ => C:\Users\ZoMbiE\.stmcufinder\plugins\mcufinder
2023-08-08 20:19:52,056 [INFO] DbMcusAds:125 - Set database path to: C:\Users\ZoMbiE\.stmcufinder\plugins\mcufinder//mcu/
2023-08-08 20:19:52,056 [WARN] DbFile:41 - Overriding database path with different value: C:\Users\ZoMbiE\.stmcufinder\plugins\mcufinder/ => C:\Users\ZoMbiE\.stmcufinder\plugins\mcufinder
2023-08-08 20:19:52,056 [WARN] DbFile:41 - Overriding database path with different value: C:\Users\ZoMbiE\.stmcufinder\plugins\mcufinder/ => C:\Users\ZoMbiE\.stmcufinder\plugins\mcufinder
2023-08-08 20:19:52,056 [INFO] CrossReferenceDbSqlite:203 - Set database path to: C:\Users\ZoMbiE\.stmcufinder\plugins\mcufinder//mcu/cs/
2023-08-08 20:19:52,070 [INFO] ApplicationProperties:184 - Using Application install path: C:\STM32\STM32CubeIDE\STM32CubeIDE\plugins\com.st.stm32cube.common.mx_6.9.1.202307191849
2023-08-08 20:19:52,071 [INFO] PluginManage:196 - Search for loadable plugins [exclusion list=, ]
2023-08-08 20:19:52,072 [INFO] PluginManage:310 - Check plugin analytics
2023-08-08 20:19:57,182 [INFO] AnalyticsPlugin:253 - Accepted Software Licenses: STM32CubeMX.6.9.0,STM32CubeMX.6.9.1
2023-08-08 20:19:57,183 [INFO] AnalyticsPlugin:255 - Accepted CMSIS Pack Licenses: 
2023-08-08 20:19:57,183 [INFO] AnalyticsPlugin:257 - Accepted Firmware Licenses: 
2023-08-08 20:19:57,185 [INFO] PluginManage:359 - Loaded plugin analytics (category:tool,tabindex:-1)
2023-08-08 20:19:57,185 [INFO] PluginManage:310 - Check plugin cadmodel
2023-08-08 20:19:57,266 [INFO] CADModel:105 - Init CAD model plugin
2023-08-08 20:19:57,266 [INFO] PluginManage:359 - Loaded plugin cadmodel (category:power,tabindex:5)
2023-08-08 20:19:57,266 [INFO] PluginManage:310 - Check plugin clock
2023-08-08 20:19:57,280 [INFO] PluginManage:359 - Loaded plugin clock (category:base,tabindex:2)
2023-08-08 20:19:57,280 [INFO] PluginManage:310 - Check plugin ddr
2023-08-08 20:19:57,282 [INFO] PluginManage:359 - Loaded plugin ddr (category:tool,tabindex:6)
2023-08-08 20:19:57,282 [INFO] PluginManage:310 - Check plugin filemanager
2023-08-08 20:19:57,368 [INFO] PluginManage:359 - Loaded plugin filemanager (category:base,tabindex:10)
2023-08-08 20:19:57,368 [INFO] PluginManage:310 - Check plugin ipmanager
2023-08-08 20:19:57,373 [INFO] PluginManage:359 - Loaded plugin ipmanager (category:base,tabindex:5)
2023-08-08 20:19:57,373 [INFO] PluginManage:310 - Check plugin lpbam
2023-08-08 20:19:57,393 [INFO] PluginManage:359 - Loaded plugin lpbam (category:base,tabindex:0)
2023-08-08 20:19:57,393 [INFO] PluginManage:310 - Check plugin memorymap
2023-08-08 20:19:57,409 [INFO] PluginManage:359 - Loaded plugin memorymap (category:base,tabindex:4)
2023-08-08 20:19:57,409 [INFO] PluginManage:310 - Check plugin pinoutandconfiguration
2023-08-08 20:19:57,424 [INFO] PluginManage:359 - Loaded plugin pinoutandconfiguration (category:base,tabindex:1)
2023-08-08 20:19:57,424 [INFO] PluginManage:310 - Check plugin pinoutconfig
2023-08-08 20:19:57,493 [WARN] SupportedApi:132 - Cannot load RTOS API schema: s4s-elt-must-match.1: The content of 'definitions' must match (annotation?, (simpleType | complexType)?, (unique | key | keyref)*)). A problem was found starting at: attribute.
2023-08-08 20:19:57,584 [INFO] PluginManage:359 - Loaded plugin pinoutconfig (category:base,tabindex:0)
2023-08-08 20:19:57,584 [INFO] PluginManage:310 - Check plugin power
2023-08-08 20:19:57,598 [INFO] PluginManage:359 - Loaded plugin power (category:power,tabindex:4)
2023-08-08 20:19:57,599 [INFO] PluginManage:310 - Check plugin projectmanager
2023-08-08 20:19:57,608 [INFO] PluginManage:359 - Loaded plugin projectmanager (category:projectmanager,tabindex:3)
2023-08-08 20:19:57,608 [INFO] PluginManage:310 - Check plugin thirdparty
2023-08-08 20:19:57,798 [INFO] PluginManage:359 - Loaded plugin thirdparty (category:base,tabindex:-1)
2023-08-08 20:19:57,798 [WARN] IntegrityCheckThread:84 - waiting for thirdparty lock release [integrity check]
2023-08-08 20:19:57,799 [INFO] PluginManage:310 - Check plugin tools
2023-08-08 20:19:57,799 [INFO] IntegrityCheckThread:86 - entering critical section [integrity check]
2023-08-08 20:19:57,799 [INFO] ThirdPartyUpdaterWithRetryManager:70 - Updater plugin not ready yet. [1/15]
2023-08-08 20:19:57,823 [INFO] PluginManage:359 - Loaded plugin tools (category:base,tabindex:7)
2023-08-08 20:19:57,823 [INFO] PluginManage:310 - Check plugin tutovideos
2023-08-08 20:19:57,957 [INFO] PluginManage:359 - Loaded plugin tutovideos (category:base,tabindex:-1)
2023-08-08 20:19:57,957 [INFO] PluginManage:310 - Check plugin updater
2023-08-08 20:19:57,965 [INFO] PluginManage:359 - Loaded plugin updater (category:base,tabindex:12)
2023-08-08 20:19:57,965 [INFO] PluginManage:310 - Check plugin userauth
2023-08-08 20:19:57,969 [INFO] UserAuth:113 - Init User Auth plugin
2023-08-08 20:19:57,969 [INFO] PluginManage:359 - Loaded plugin userauth (category:base,tabindex:14)
2023-08-08 20:19:57,969 [INFO] PluginManage:283 - PluginManage : Loaded plugins [17]
2023-08-08 20:19:58,116 [INFO] PinOutPanel:1499 - setPackage(No Configuration,No Configuration)
2023-08-08 20:19:58,191 [INFO] CADModel:165 - CPN selected for project level
2023-08-08 20:19:58,191 [INFO] CADModel:114 - Register for checkConnection events
2023-08-08 20:19:58,210 [INFO] IPUIPlugin:80 - create IPUIPlugin
2023-08-08 20:19:58,210 [INFO] PluginManager:220 - loadIPPluginJar : add adc
2023-08-08 20:19:58,235 [INFO] IPUIPlugin:80 - create IPUIPlugin
2023-08-08 20:19:58,235 [INFO] PluginManager:220 - loadIPPluginJar : add aes
2023-08-08 20:19:58,262 [INFO] IPUIPlugin:80 - create IPUIPlugin
2023-08-08 20:19:58,262 [INFO] PluginManager:220 - loadIPPluginJar : add can
2023-08-08 20:19:58,277 [INFO] IPUIPlugin:80 - create IPUIPlugin
2023-08-08 20:19:58,277 [INFO] PluginManager:220 - loadIPPluginJar : add comp
2023-08-08 20:19:58,299 [INFO] IPUIPlugin:80 - create IPUIPlugin
2023-08-08 20:19:58,300 [INFO] PluginManager:220 - loadIPPluginJar : add cryp
2023-08-08 20:19:58,320 [INFO] IPUIPlugin:80 - create IPUIPlugin
2023-08-08 20:19:58,320 [INFO] PluginManager:220 - loadIPPluginJar : add dfsdm
2023-08-08 20:19:58,330 [INFO] IPUIPlugin:80 - create IPUIPlugin
2023-08-08 20:19:58,330 [INFO] PluginManager:220 - loadIPPluginJar : add dma
2023-08-08 20:19:58,358 [INFO] IPUIPlugin:80 - create IPUIPlugin
2023-08-08 20:19:58,358 [INFO] PluginManager:220 - loadIPPluginJar : add dma3
2023-08-08 20:19:58,372 [INFO] IPUIPlugin:80 - create IPUIPlugin
2023-08-08 20:19:58,373 [INFO] PluginManager:220 - loadIPPluginJar : add fatfs
2023-08-08 20:19:58,403 [INFO] IPUIPlugin:80 - create IPUIPlugin
2023-08-08 20:19:58,403 [INFO] PluginManager:220 - loadIPPluginJar : add fmc
2023-08-08 20:19:58,414 [INFO] IPUIPlugin:80 - create IPUIPlugin
2023-08-08 20:19:58,414 [INFO] PluginManager:220 - loadIPPluginJar : add freertos
2023-08-08 20:19:58,429 [INFO] IPUIPlugin:80 - create IPUIPlugin
2023-08-08 20:19:58,429 [INFO] PluginManager:220 - loadIPPluginJar : add genericplugin
2023-08-08 20:19:58,493 [INFO] IPUIPlugin:80 - create IPUIPlugin
2023-08-08 20:19:58,494 [INFO] PluginManager:220 - loadIPPluginJar : add gfxmmu
2023-08-08 20:19:58,586 [INFO] IPUIPlugin:80 - create IPUIPlugin
2023-08-08 20:19:58,586 [INFO] PluginManager:220 - loadIPPluginJar : add gic
2023-08-08 20:19:58,596 [INFO] IPUIPlugin:80 - create IPUIPlugin
2023-08-08 20:19:58,596 [INFO] PluginManager:220 - loadIPPluginJar : add gpio
2023-08-08 20:19:58,658 [INFO] IPUIPlugin:80 - create IPUIPlugin
2023-08-08 20:19:58,658 [INFO] PluginManager:220 - loadIPPluginJar : add gtzc
2023-08-08 20:19:58,680 [INFO] IPUIPlugin:80 - create IPUIPlugin
2023-08-08 20:19:58,680 [INFO] PluginManager:220 - loadIPPluginJar : add hash
2023-08-08 20:19:58,714 [INFO] IPUIPlugin:80 - create IPUIPlugin
2023-08-08 20:19:58,714 [INFO] PluginManager:220 - loadIPPluginJar : add i2c
2023-08-08 20:19:58,741 [INFO] IPUIPlugin:80 - create IPUIPlugin
2023-08-08 20:19:58,741 [INFO] PluginManager:220 - loadIPPluginJar : add i2s
2023-08-08 20:19:58,767 [INFO] IPUIPlugin:80 - create IPUIPlugin
2023-08-08 20:19:58,767 [INFO] PluginManager:220 - loadIPPluginJar : add i3c
2023-08-08 20:19:58,842 [INFO] IPUIPlugin:80 - create IPUIPlugin
2023-08-08 20:19:58,842 [INFO] PluginManager:220 - loadIPPluginJar : add ipddr
2023-08-08 20:19:58,903 [INFO] IPUIPlugin:80 - create IPUIPlugin
2023-08-08 20:19:58,903 [INFO] PluginManager:220 - loadIPPluginJar : add linkedlist
2023-08-08 20:19:58,926 [INFO] IPUIPlugin:80 - create IPUIPlugin
2023-08-08 20:19:58,927 [INFO] PluginManager:220 - loadIPPluginJar : add lorawan
2023-08-08 20:19:58,951 [INFO] IPUIPlugin:80 - create IPUIPlugin
2023-08-08 20:19:58,951 [INFO] PluginManager:220 - loadIPPluginJar : add ltdc
2023-08-08 20:19:58,962 [INFO] IPUIPlugin:80 - create IPUIPlugin
2023-08-08 20:19:58,962 [INFO] PluginManager:220 - loadIPPluginJar : add mdma
2023-08-08 20:19:58,970 [INFO] IPUIPlugin:80 - create IPUIPlugin
2023-08-08 20:19:58,970 [INFO] PluginManager:220 - loadIPPluginJar : add nvic
2023-08-08 20:19:58,994 [INFO] IPUIPlugin:80 - create IPUIPlugin
2023-08-08 20:19:58,994 [INFO] PluginManager:220 - loadIPPluginJar : add opamp
2023-08-08 20:19:59,034 [INFO] IPUIPlugin:80 - create IPUIPlugin
2023-08-08 20:19:59,034 [INFO] PluginManager:220 - loadIPPluginJar : add openamp
2023-08-08 20:19:59,062 [INFO] IPUIPlugin:80 - create IPUIPlugin
2023-08-08 20:19:59,062 [INFO] PluginManager:220 - loadIPPluginJar : add pdm2pcm
2023-08-08 20:19:59,072 [INFO] IPUIPlugin:80 - create IPUIPlugin
2023-08-08 20:19:59,073 [INFO] PluginManager:220 - loadIPPluginJar : add plateformsettings
2023-08-08 20:19:59,088 [INFO] IPUIPlugin:80 - create IPUIPlugin
2023-08-08 20:19:59,088 [INFO] PluginManager:220 - loadIPPluginJar : add quadspi
2023-08-08 20:19:59,097 [INFO] IPUIPlugin:80 - create IPUIPlugin
2023-08-08 20:19:59,097 [INFO] PluginManager:220 - loadIPPluginJar : add resmgrutility
2023-08-08 20:19:59,129 [INFO] IPUIPlugin:80 - create IPUIPlugin
2023-08-08 20:19:59,130 [INFO] PluginManager:220 - loadIPPluginJar : add sai
2023-08-08 20:19:59,154 [INFO] IPUIPlugin:80 - create IPUIPlugin
2023-08-08 20:19:59,154 [INFO] PluginManager:220 - loadIPPluginJar : add spi
2023-08-08 20:19:59,194 [INFO] IPUIPlugin:80 - create IPUIPlugin
2023-08-08 20:19:59,194 [INFO] PluginManager:220 - loadIPPluginJar : add stm32_wpan
2023-08-08 20:19:59,210 [INFO] IPUIPlugin:80 - create IPUIPlugin
2023-08-08 20:19:59,210 [INFO] PluginManager:220 - loadIPPluginJar : add tim
2023-08-08 20:19:59,249 [INFO] IPUIPlugin:80 - create IPUIPlugin
2023-08-08 20:19:59,249 [INFO] PluginManager:220 - loadIPPluginJar : add touchsensing
2023-08-08 20:19:59,264 [INFO] IPUIPlugin:80 - create IPUIPlugin
2023-08-08 20:19:59,265 [INFO] PluginManager:220 - loadIPPluginJar : add tracer_emb
2023-08-08 20:19:59,280 [INFO] IPUIPlugin:80 - create IPUIPlugin
2023-08-08 20:19:59,280 [INFO] PluginManager:220 - loadIPPluginJar : add ts
2023-08-08 20:19:59,295 [INFO] IPUIPlugin:80 - create IPUIPlugin
2023-08-08 20:19:59,295 [INFO] PluginManager:220 - loadIPPluginJar : add tsc
2023-08-08 20:19:59,310 [INFO] IPUIPlugin:80 - create IPUIPlugin
2023-08-08 20:19:59,310 [INFO] PluginManager:220 - loadIPPluginJar : add ucpd
2023-08-08 20:19:59,339 [INFO] IPUIPlugin:80 - create IPUIPlugin
2023-08-08 20:19:59,339 [INFO] PluginManager:220 - loadIPPluginJar : add usart
2023-08-08 20:19:59,369 [INFO] IPUIPlugin:80 - create IPUIPlugin
2023-08-08 20:19:59,369 [INFO] PluginManager:220 - loadIPPluginJar : add usbx
2023-08-08 20:19:59,480 [INFO] CADModel:165 - CPN selected for project level
2023-08-08 20:19:59,480 [INFO] CADModel:114 - Register for checkConnection events
2023-08-08 20:19:59,480 [FATAL] Updater:308 - Updater called before beeing initialized
2023-08-08 20:19:59,480 [ERROR] CADModel:125 - Updater not yet initialized, retry later 
2023-08-08 20:19:59,579 [INFO] CADModel:165 - CPN selected for project level
2023-08-08 20:19:59,579 [INFO] CADModel:114 - Register for checkConnection events
2023-08-08 20:19:59,579 [FATAL] Updater:308 - Updater called before beeing initialized
2023-08-08 20:19:59,579 [ERROR] CADModel:125 - Updater not yet initialized, retry later 
2023-08-08 20:19:59,581 [FATAL] Updater:308 - Updater called before beeing initialized
2023-08-08 20:19:59,655 [FATAL] Updater:308 - Updater called before beeing initialized
2023-08-08 20:19:59,664 [INFO] DbMcusAds:53 - JSON generation date=Tue Mar 07 09:50:55 CET 2023 (1678179055114)
2023-08-08 20:19:59,664 [FATAL] Updater:308 - Updater called before beeing initialized
2023-08-08 20:19:59,741 [WARN] DetailPanel:346 - Failed to get advertising image, set to default
2023-08-08 20:19:59,837 [FATAL] Updater:308 - Updater called before beeing initialized
2023-08-08 20:19:59,838 [FATAL] Updater:308 - Updater called before beeing initialized
2023-08-08 20:19:59,838 [FATAL] Updater:308 - Updater called before beeing initialized
2023-08-08 20:19:59,838 [WARN] DetailPanel:346 - Failed to get advertising image, set to default
2023-08-08 20:19:59,839 [FATAL] Updater:308 - Updater called before beeing initialized
2023-08-08 20:19:59,882 [ERROR] Updater:1120 - MainUpdater not yet initialized. External WinMGr cannot be set.
2023-08-08 20:19:59,889 [INFO] Updater:1056 - Updater Version found : 6.9.1
2023-08-08 20:19:59,900 [INFO] ApplicationProperties:184 - Using Application install path: C:\STM32\STM32CubeIDE\STM32CubeIDE\plugins\com.st.stm32cube.common.mx_6.9.1.202307191849
2023-08-08 20:20:00,296 [INFO] MainUpdater:2868 - connection check result : 10
2023-08-08 20:20:00,297 [INFO] MainUpdater:285 - Updater Check For Update Now.
2023-08-08 20:20:00,297 [INFO] MicroXplorer:498 - Change Database Version : DB.6.0.91
2023-08-08 20:20:00,308 [INFO] McuFinderGlobals:63 - Set McuFinder mode to 2 (CubeIDE integrated)
2023-08-08 20:20:00,472 [INFO] CheckServerUpdateThread:120 - End of CheckServer Thread
2023-08-08 20:20:00,911 [WARN] PackLoader:240 - Cannot read IP mode file for STMicroelectronics.X-CUBE-SMBUS.2.1.0
2023-08-08 20:20:00,945 [WARN] PackLoader:240 - Cannot read IP mode file for STMicroelectronics.X-CUBE-AZRTOS-F7.1.1.0
2023-08-08 20:20:00,960 [WARN] PackLoader:240 - Cannot read IP mode file for STMicroelectronics.FP-SNS-MOTENV1.4.3.2
2023-08-08 20:20:00,975 [WARN] PackLoader:240 - Cannot read IP mode file for STMicroelectronics.X-CUBE-BLE1.6.2.4
2023-08-08 20:20:00,984 [WARN] PackLoader:240 - Cannot read IP mode file for STMicroelectronics.FP-SNS-FLIGHT1.5.0.2
2023-08-08 20:20:00,999 [WARN] PackLoader:240 - Cannot read IP mode file for STMicroelectronics.X-CUBE-DISPLAY.3.0.0
2023-08-08 20:20:01,104 [WARN] PackLoader:240 - Cannot read IP mode file for emotas.I-CUBE-CANOPEN.1.3.0
2023-08-08 20:20:01,114 [WARN] PackLoader:240 - Cannot read IP mode file for STMicroelectronics.X-CUBE-TOUCHGFX.4.22.0
2023-08-08 20:20:01,168 [WARN] PackLoader:240 - Cannot read IP mode file for STMicroelectronics.X-CUBE-MEMS1.9.3.0
2023-08-08 20:20:01,375 [INFO] LogOutputStream:77 - [STDOUT_REDIRECT] 1 : Invalid condition id : UX_CORESTACK_Condition cause : null
2023-08-08 20:20:01,375 [INFO] LogOutputStream:77 - [STDOUT_REDIRECT] 1 : Invalid condition id : UX_CORESTACK_Condition cause : null
2023-08-08 20:20:01,376 [INFO] LogOutputStream:77 - [STDOUT_REDIRECT] 1 : Invalid condition id : UX_CORESTACK_Condition cause : null
2023-08-08 20:20:01,378 [INFO] LogOutputStream:77 - [STDOUT_REDIRECT] 1 : Invalid condition id : UX_CORESTACK_Condition cause : null
2023-08-08 20:20:01,379 [INFO] LogOutputStream:77 - [STDOUT_REDIRECT] 1 : Invalid condition id : UX_CORESTACK_Condition cause : null
2023-08-08 20:20:01,384 [WARN] PackLoader:240 - Cannot read IP mode file for STMicroelectronics.X-CUBE-AZRTOS-WL.2.0.0
2023-08-08 20:20:01,399 [WARN] PackLoader:240 - Cannot read IP mode file for WES.I-CUBE-Cesium.1.3.0
2023-08-08 20:20:01,408 [WARN] PackLoader:240 - Cannot read IP mode file for STMicroelectronics.X-CUBE-BLE2.3.3.0
2023-08-08 20:20:01,419 [WARN] PackLoader:240 - Cannot read IP mode file for STMicroelectronics.X-CUBE-DISPLAY.2.2.0
2023-08-08 20:20:01,548 [WARN] PackLoader:240 - Cannot read IP mode file for STMicroelectronics.X-CUBE-MEMS1.9.4.0
2023-08-08 20:20:01,713 [WARN] PackLoader:240 - Cannot read IP mode file for STMicroelectronics.X-CUBE-ALGOBUILD.1.3.0
2023-08-08 20:20:01,732 [WARN] PackLoader:240 - Cannot read IP mode file for STMicroelectronics.X-CUBE-AZRTOS-G0.1.1.0
2023-08-08 20:20:01,742 [WARN] PackLoader:240 - Cannot read IP mode file for STMicroelectronics.X-CUBE-NFC4.3.0.0
2023-08-08 20:20:01,750 [WARN] PackLoader:240 - Cannot read IP mode file for STMicroelectronics.FP-ATR-SIGFOX1.3.2.0
2023-08-08 20:20:01,786 [WARN] PackLoader:240 - Cannot read IP mode file for STMicroelectronics.X-CUBE-MEMS1.9.5.0
2023-08-08 20:20:01,969 [WARN] PackLoader:240 - Cannot read IP mode file for SEGGER.I-CUBE-embOS.1.3.1
2023-08-08 20:20:02,008 [WARN] PackLoader:240 - Cannot read IP mode file for STMicroelectronics.X-CUBE-GNSS1.6.0.0
2023-08-08 20:20:02,028 [WARN] PackLoader:240 - Cannot read IP mode file for STMicroelectronics.X-CUBE-AZRTOS-F4.1.1.0
2023-08-08 20:20:02,038 [WARN] PackLoader:240 - Cannot read IP mode file for wolfSSL.I-CUBE-wolfSSL.5.6.3
2023-08-08 20:20:02,073 [WARN] PackLoader:240 - Cannot read IP mode file for STMicroelectronics.X-CUBE-MEMS1.9.6.0
2023-08-08 20:20:02,255 [WARN] PackLoader:240 - Cannot read IP mode file for STMicroelectronics.X-CUBE-BLEMGR.2.0.0
2023-08-08 20:20:02,277 [WARN] ConditionMgr:438 - getConditionDescription Invalid condition id : UX DEVICE CLASS RTOS Condition cause : null
2023-08-08 20:20:02,277 [WARN] ConditionMgr:438 - getConditionDescription Invalid condition id : UX DEVICE CLASS RTOS Condition cause : null
2023-08-08 20:20:02,279 [WARN] PackLoader:240 - Cannot read IP mode file for STMicroelectronics.X-CUBE-AZRTOS-H7.3.1.0
2023-08-08 20:20:02,280 [WARN] ConditionMgr:1039 - genDependencies : Invalid condition id : UX DEVICE CLASS RTOS Condition cause : null
2023-08-08 20:20:02,280 [WARN] ConditionMgr:1039 - genDependencies : Invalid condition id : UX DEVICE CLASS RTOS Condition cause : null
2023-08-08 20:20:02,280 [WARN] ConditionMgr:1039 - genDependencies : Invalid condition id : UX DEVICE CLASS RTOS Condition cause : null
2023-08-08 20:20:02,280 [WARN] ConditionMgr:1039 - genDependencies : Invalid condition id : UX DEVICE CLASS RTOS Condition cause : null
2023-08-08 20:20:02,281 [WARN] ConditionMgr:1039 - genDependencies : Invalid condition id : UX DEVICE CLASS RTOS Condition cause : null
2023-08-08 20:20:02,291 [WARN] PackLoader:240 - Cannot read IP mode file for STMicroelectronics.X-CUBE-NFC7.1.0.1
2023-08-08 20:20:02,302 [WARN] PackLoader:240 - Cannot read IP mode file for STMicroelectronics.X-CUBE-EEPRMA1.4.1.0
2023-08-08 20:20:02,323 [WARN] ConditionMgr:438 - getConditionDescription Invalid condition id : LAN8742 Phy interface Condition cause : null
2023-08-08 20:20:02,324 [WARN] PackLoader:240 - Cannot read IP mode file for STMicroelectronics.X-CUBE-AZRTOS-L4.2.0.0
2023-08-08 20:20:02,324 [WARN] ConditionMgr:1039 - genDependencies : Invalid condition id : LAN8742 Phy interface Condition cause : null
2023-08-08 20:20:02,324 [WARN] ConditionMgr:1039 - genDependencies : Invalid condition id : LAN8742 Phy interface Condition cause : null
2023-08-08 20:20:02,325 [WARN] ConditionMgr:1039 - genDependencies : Invalid condition id : LAN8742 Phy interface Condition cause : null
2023-08-08 20:20:02,335 [WARN] PackLoader:240 - Cannot read IP mode file for STMicroelectronics.X-CUBE-SFXS2LP1.4.0.0
2023-08-08 20:20:02,345 [WARN] PackLoader:240 - Cannot read IP mode file for STMicroelectronics.X-CUBE-ISPU.1.1.0
2023-08-08 20:20:02,354 [WARN] PackLoader:240 - Cannot read IP mode file for STMicroelectronics.X-CUBE-FREERTOS.1.0.1
2023-08-08 20:20:02,371 [WARN] PackLoader:240 - Cannot read IP mode file for STMicroelectronics.X-CUBE-AZRTOS-L5.1.1.0
2023-08-08 20:20:02,381 [WARN] PackLoader:240 - Cannot read IP mode file for STMicroelectronics.X-CUBE-AI.8.0.1
2023-08-08 20:20:02,395 [WARN] PackLoader:240 - Cannot read IP mode file for STMicroelectronics.X-CUBE-SUBG2.5.0.0
2023-08-08 20:20:02,410 [WARN] PackLoader:240 - Cannot read IP mode file for STMicroelectronics.X-CUBE-TOF1.3.3.1
2023-08-08 20:20:02,433 [WARN] PackLoader:240 - Cannot read IP mode file for STMicroelectronics.X-CUBE-AZRTOS-G4.2.0.0
2023-08-08 20:20:02,443 [WARN] PackLoader:240 - Cannot read IP mode file for portGmbH.I-Cube-SoM-uGOAL.1.1.0
2023-08-08 20:20:02,451 [WARN] PackLoader:240 - Cannot read IP mode file for STMicroelectronics.X-CUBE-ALS.1.0.1
2023-08-08 20:20:02,467 [WARN] PackLoader:240 - Cannot read IP mode file for STMicroelectronics.X-CUBE-AZRTOS-WB.1.1.0
2023-08-08 20:20:02,476 [WARN] PackLoader:240 - Cannot read IP mode file for STMicroelectronics.FP-ATR-ASTRA1.2.0.0
2023-08-08 20:20:02,476 [INFO] ThirdParty:978 - Integrity check success = true
2023-08-08 20:20:02,477 [INFO] IntegrityCheckThread:100 - exiting critical section [integrity check]
2023-08-08 20:20:02,477 [INFO] IntegrityCheckThread:103 - End integrity checks thread
