2023-08-15 22:25:45,728 [INFO] Activator:176 - 


2023-08-15 22:25:45,733 [INFO] Activator:177 - !SESSION log4j initialized
2023-08-15 22:25:48,285 [INFO] LogOutputStream:77 - [STDOUT_REDIRECT] 
2023-08-15 22:25:55,159 [INFO] ApplicationProperties:184 - Using Application install path: C:\STM32\STM32CubeIDE\STM32CubeIDE\plugins\com.st.stm32cube.common.mx_6.9.1.202307191849
2023-08-15 22:25:55,173 [INFO] DbMcusXml:78 - Set database path to: C:\STM32\STM32CubeIDE\STM32CubeIDE\plugins\com.st.stm32cube.common.mx_6.9.1.202307191849\\db\/mcu/
2023-08-15 22:25:55,173 [INFO] ApiDb:274 - Set plugin database path to: C:\STM32\STM32CubeIDE\STM32CubeIDE\plugins\com.st.stm32cube.common.mx_6.9.1.202307191849\\db\/plugins/boardmanager/
2023-08-15 22:25:55,173 [WARN] ApiDb:259 - Overriding images path with different value:  => C:\STM32\STM32CubeIDE\STM32CubeIDE\plugins\com.st.stm32cube.common.mx_6.9.1.202307191849\\db\/plugins/mcufinder/images/
2023-08-15 22:25:55,186 [INFO] ApiDb:250 - Set database path to: C:\Users\ZoMbiE\.stmcufinder\plugins\mcufinder//mcu/
2023-08-15 22:25:55,187 [INFO] DbMcusAds:125 - Set database path to: C:\Users\ZoMbiE\.stmcufinder\plugins\mcufinder//mcu/
2023-08-15 22:25:55,189 [INFO] CrossReferenceDbSqlite:203 - Set database path to: C:\Users\ZoMbiE\.stmcufinder\plugins\mcufinder//mcu/cs/
2023-08-15 22:25:55,279 [INFO] RulesReader:64 - Compatibility file has been processed (293 Rules)
2023-08-15 22:26:07,982 [INFO] DbMcusXml:78 - Set database path to: C:\STM32\STM32CubeIDE\STM32CubeIDE\plugins\com.st.stm32cube.common.mx_6.9.1.202307191849\\db\/mcu/
2023-08-15 22:26:07,982 [INFO] ApiDb:274 - Set plugin database path to: C:\STM32\STM32CubeIDE\STM32CubeIDE\plugins\com.st.stm32cube.common.mx_6.9.1.202307191849\\db\/plugins/boardmanager/
2023-08-15 22:26:07,982 [INFO] ApiDb:261 - Set plugin images path to: C:\STM32\STM32CubeIDE\STM32CubeIDE\plugins\com.st.stm32cube.common.mx_6.9.1.202307191849\\db\/plugins/mcufinder/images/
2023-08-15 22:26:07,982 [WARN] DbFile:41 - Overriding database path with different value: C:\Users\ZoMbiE\.stmcufinder\plugins\mcufinder/ => C:\Users\ZoMbiE\.stmcufinder\plugins\mcufinder
2023-08-15 22:26:07,982 [INFO] ApiDb:250 - Set database path to: C:\Users\ZoMbiE\.stmcufinder\plugins\mcufinder//mcu/
2023-08-15 22:26:07,982 [WARN] DbFile:41 - Overriding database path with different value: C:\Users\ZoMbiE\.stmcufinder\plugins\mcufinder/ => C:\Users\ZoMbiE\.stmcufinder\plugins\mcufinder
2023-08-15 22:26:07,982 [INFO] DbMcusAds:125 - Set database path to: C:\Users\ZoMbiE\.stmcufinder\plugins\mcufinder//mcu/
2023-08-15 22:26:07,983 [WARN] DbFile:41 - Overriding database path with different value: C:\Users\ZoMbiE\.stmcufinder\plugins\mcufinder/ => C:\Users\ZoMbiE\.stmcufinder\plugins\mcufinder
2023-08-15 22:26:07,983 [WARN] DbFile:41 - Overriding database path with different value: C:\Users\ZoMbiE\.stmcufinder\plugins\mcufinder/ => C:\Users\ZoMbiE\.stmcufinder\plugins\mcufinder
2023-08-15 22:26:08,006 [INFO] CrossReferenceDbSqlite:203 - Set database path to: C:\Users\ZoMbiE\.stmcufinder\plugins\mcufinder//mcu/cs/
2023-08-15 22:26:08,066 [INFO] MainPanel:262 - HeapMemory: 268435456
2023-08-15 22:26:08,134 [INFO] DbMcusXml:78 - Set database path to: C:\STM32\STM32CubeIDE\STM32CubeIDE\plugins\com.st.stm32cube.common.mx_6.9.1.202307191849\\db\/mcu/
2023-08-15 22:26:08,134 [INFO] ApiDb:274 - Set plugin database path to: C:\STM32\STM32CubeIDE\STM32CubeIDE\plugins\com.st.stm32cube.common.mx_6.9.1.202307191849\\db\/plugins/boardmanager/
2023-08-15 22:26:08,134 [INFO] ApiDb:261 - Set plugin images path to: C:\STM32\STM32CubeIDE\STM32CubeIDE\plugins\com.st.stm32cube.common.mx_6.9.1.202307191849\\db\/plugins/mcufinder/images/
2023-08-15 22:26:08,134 [WARN] DbFile:41 - Overriding database path with different value: C:\Users\ZoMbiE\.stmcufinder\plugins\mcufinder/ => C:\Users\ZoMbiE\.stmcufinder\plugins\mcufinder
2023-08-15 22:26:08,134 [INFO] ApiDb:250 - Set database path to: C:\Users\ZoMbiE\.stmcufinder\plugins\mcufinder//mcu/
2023-08-15 22:26:08,134 [WARN] DbFile:41 - Overriding database path with different value: C:\Users\ZoMbiE\.stmcufinder\plugins\mcufinder/ => C:\Users\ZoMbiE\.stmcufinder\plugins\mcufinder
2023-08-15 22:26:08,134 [INFO] DbMcusAds:125 - Set database path to: C:\Users\ZoMbiE\.stmcufinder\plugins\mcufinder//mcu/
2023-08-15 22:26:08,134 [WARN] DbFile:41 - Overriding database path with different value: C:\Users\ZoMbiE\.stmcufinder\plugins\mcufinder/ => C:\Users\ZoMbiE\.stmcufinder\plugins\mcufinder
2023-08-15 22:26:08,135 [WARN] DbFile:41 - Overriding database path with different value: C:\Users\ZoMbiE\.stmcufinder\plugins\mcufinder/ => C:\Users\ZoMbiE\.stmcufinder\plugins\mcufinder
2023-08-15 22:26:08,135 [INFO] CrossReferenceDbSqlite:203 - Set database path to: C:\Users\ZoMbiE\.stmcufinder\plugins\mcufinder//mcu/cs/
2023-08-15 22:26:08,148 [INFO] ApplicationProperties:184 - Using Application install path: C:\STM32\STM32CubeIDE\STM32CubeIDE\plugins\com.st.stm32cube.common.mx_6.9.1.202307191849
2023-08-15 22:26:08,149 [INFO] PluginManage:196 - Search for loadable plugins [exclusion list=, ]
2023-08-15 22:26:08,150 [INFO] PluginManage:310 - Check plugin analytics
2023-08-15 22:26:13,231 [INFO] AnalyticsPlugin:253 - Accepted Software Licenses: STM32CubeMX.6.9.0,STM32CubeMX.6.9.1
2023-08-15 22:26:13,231 [INFO] AnalyticsPlugin:255 - Accepted CMSIS Pack Licenses: 
2023-08-15 22:26:13,231 [INFO] AnalyticsPlugin:257 - Accepted Firmware Licenses: FW.G0.1.6.0,FW.H5.1.1.0,FW.MP1.1.6.0,FW.C0.1.1.0,FW.L4.1.18.0,FW.L5.1.5.0,FW.U5.1.3.0,FW.WB.1.17.0,FW.WBA.1.1.0,FW.WL.1.3.0
2023-08-15 22:26:13,233 [INFO] PluginManage:359 - Loaded plugin analytics (category:tool,tabindex:-1)
2023-08-15 22:26:13,233 [INFO] PluginManage:310 - Check plugin cadmodel
2023-08-15 22:26:13,303 [INFO] CADModel:105 - Init CAD model plugin
2023-08-15 22:26:13,303 [INFO] PluginManage:359 - Loaded plugin cadmodel (category:power,tabindex:5)
2023-08-15 22:26:13,303 [INFO] PluginManage:310 - Check plugin clock
2023-08-15 22:26:13,318 [INFO] PluginManage:359 - Loaded plugin clock (category:base,tabindex:2)
2023-08-15 22:26:13,318 [INFO] PluginManage:310 - Check plugin ddr
2023-08-15 22:26:13,320 [INFO] PluginManage:359 - Loaded plugin ddr (category:tool,tabindex:6)
2023-08-15 22:26:13,320 [INFO] PluginManage:310 - Check plugin filemanager
2023-08-15 22:26:13,419 [INFO] PluginManage:359 - Loaded plugin filemanager (category:base,tabindex:10)
2023-08-15 22:26:13,419 [INFO] PluginManage:310 - Check plugin ipmanager
2023-08-15 22:26:13,425 [INFO] PluginManage:359 - Loaded plugin ipmanager (category:base,tabindex:5)
2023-08-15 22:26:13,425 [INFO] PluginManage:310 - Check plugin lpbam
2023-08-15 22:26:13,440 [INFO] PluginManage:359 - Loaded plugin lpbam (category:base,tabindex:0)
2023-08-15 22:26:13,440 [INFO] PluginManage:310 - Check plugin memorymap
2023-08-15 22:26:13,457 [INFO] PluginManage:359 - Loaded plugin memorymap (category:base,tabindex:4)
2023-08-15 22:26:13,458 [INFO] PluginManage:310 - Check plugin pinoutandconfiguration
2023-08-15 22:26:13,473 [INFO] PluginManage:359 - Loaded plugin pinoutandconfiguration (category:base,tabindex:1)
2023-08-15 22:26:13,473 [INFO] PluginManage:310 - Check plugin pinoutconfig
2023-08-15 22:26:13,557 [WARN] SupportedApi:132 - Cannot load RTOS API schema: s4s-elt-must-match.1: The content of 'definitions' must match (annotation?, (simpleType | complexType)?, (unique | key | keyref)*)). A problem was found starting at: attribute.
2023-08-15 22:26:13,662 [INFO] PluginManage:359 - Loaded plugin pinoutconfig (category:base,tabindex:0)
2023-08-15 22:26:13,663 [INFO] PluginManage:310 - Check plugin power
2023-08-15 22:26:13,679 [INFO] PluginManage:359 - Loaded plugin power (category:power,tabindex:4)
2023-08-15 22:26:13,679 [INFO] PluginManage:310 - Check plugin projectmanager
2023-08-15 22:26:13,688 [INFO] PluginManage:359 - Loaded plugin projectmanager (category:projectmanager,tabindex:3)
2023-08-15 22:26:13,688 [INFO] PluginManage:310 - Check plugin thirdparty
2023-08-15 22:26:13,894 [INFO] PluginManage:359 - Loaded plugin thirdparty (category:base,tabindex:-1)
2023-08-15 22:26:13,894 [WARN] IntegrityCheckThread:84 - waiting for thirdparty lock release [integrity check]
2023-08-15 22:26:13,894 [INFO] PluginManage:310 - Check plugin tools
2023-08-15 22:26:13,894 [INFO] IntegrityCheckThread:86 - entering critical section [integrity check]
2023-08-15 22:26:13,894 [INFO] ThirdPartyUpdaterWithRetryManager:70 - Updater plugin not ready yet. [1/15]
2023-08-15 22:26:13,922 [INFO] PluginManage:359 - Loaded plugin tools (category:base,tabindex:7)
2023-08-15 22:26:13,922 [INFO] PluginManage:310 - Check plugin tutovideos
2023-08-15 22:26:14,066 [INFO] PluginManage:359 - Loaded plugin tutovideos (category:base,tabindex:-1)
2023-08-15 22:26:14,066 [INFO] PluginManage:310 - Check plugin updater
2023-08-15 22:26:14,075 [INFO] PluginManage:359 - Loaded plugin updater (category:base,tabindex:12)
2023-08-15 22:26:14,075 [INFO] PluginManage:310 - Check plugin userauth
2023-08-15 22:26:14,079 [INFO] UserAuth:113 - Init User Auth plugin
2023-08-15 22:26:14,079 [INFO] PluginManage:359 - Loaded plugin userauth (category:base,tabindex:14)
2023-08-15 22:26:14,079 [INFO] PluginManage:283 - PluginManage : Loaded plugins [17]
2023-08-15 22:26:14,240 [INFO] PinOutPanel:1499 - setPackage(No Configuration,No Configuration)
2023-08-15 22:26:14,316 [INFO] CADModel:165 - CPN selected for project level
2023-08-15 22:26:14,316 [INFO] CADModel:114 - Register for checkConnection events
2023-08-15 22:26:14,337 [INFO] IPUIPlugin:80 - create IPUIPlugin
2023-08-15 22:26:14,337 [INFO] PluginManager:220 - loadIPPluginJar : add adc
2023-08-15 22:26:14,364 [INFO] IPUIPlugin:80 - create IPUIPlugin
2023-08-15 22:26:14,364 [INFO] PluginManager:220 - loadIPPluginJar : add aes
2023-08-15 22:26:14,397 [INFO] IPUIPlugin:80 - create IPUIPlugin
2023-08-15 22:26:14,397 [INFO] PluginManager:220 - loadIPPluginJar : add can
2023-08-15 22:26:14,415 [INFO] IPUIPlugin:80 - create IPUIPlugin
2023-08-15 22:26:14,415 [INFO] PluginManager:220 - loadIPPluginJar : add comp
2023-08-15 22:26:14,440 [INFO] IPUIPlugin:80 - create IPUIPlugin
2023-08-15 22:26:14,440 [INFO] PluginManager:220 - loadIPPluginJar : add cryp
2023-08-15 22:26:14,463 [INFO] IPUIPlugin:80 - create IPUIPlugin
2023-08-15 22:26:14,463 [INFO] PluginManager:220 - loadIPPluginJar : add dfsdm
2023-08-15 22:26:14,475 [INFO] IPUIPlugin:80 - create IPUIPlugin
2023-08-15 22:26:14,475 [INFO] PluginManager:220 - loadIPPluginJar : add dma
2023-08-15 22:26:14,507 [INFO] IPUIPlugin:80 - create IPUIPlugin
2023-08-15 22:26:14,507 [INFO] PluginManager:220 - loadIPPluginJar : add dma3
2023-08-15 22:26:14,524 [INFO] IPUIPlugin:80 - create IPUIPlugin
2023-08-15 22:26:14,524 [INFO] PluginManager:220 - loadIPPluginJar : add fatfs
2023-08-15 22:26:14,560 [INFO] IPUIPlugin:80 - create IPUIPlugin
2023-08-15 22:26:14,560 [INFO] PluginManager:220 - loadIPPluginJar : add fmc
2023-08-15 22:26:14,572 [INFO] IPUIPlugin:80 - create IPUIPlugin
2023-08-15 22:26:14,573 [INFO] PluginManager:220 - loadIPPluginJar : add freertos
2023-08-15 22:26:14,590 [INFO] IPUIPlugin:80 - create IPUIPlugin
2023-08-15 22:26:14,590 [INFO] PluginManager:220 - loadIPPluginJar : add genericplugin
2023-08-15 22:26:14,653 [INFO] IPUIPlugin:80 - create IPUIPlugin
2023-08-15 22:26:14,653 [INFO] PluginManager:220 - loadIPPluginJar : add gfxmmu
2023-08-15 22:26:14,743 [INFO] IPUIPlugin:80 - create IPUIPlugin
2023-08-15 22:26:14,743 [INFO] PluginManager:220 - loadIPPluginJar : add gic
2023-08-15 22:26:14,753 [INFO] IPUIPlugin:80 - create IPUIPlugin
2023-08-15 22:26:14,753 [INFO] PluginManager:220 - loadIPPluginJar : add gpio
2023-08-15 22:26:14,819 [INFO] IPUIPlugin:80 - create IPUIPlugin
2023-08-15 22:26:14,819 [INFO] PluginManager:220 - loadIPPluginJar : add gtzc
2023-08-15 22:26:14,843 [INFO] IPUIPlugin:80 - create IPUIPlugin
2023-08-15 22:26:14,843 [INFO] PluginManager:220 - loadIPPluginJar : add hash
2023-08-15 22:26:14,880 [INFO] IPUIPlugin:80 - create IPUIPlugin
2023-08-15 22:26:14,880 [INFO] PluginManager:220 - loadIPPluginJar : add i2c
2023-08-15 22:26:14,909 [INFO] IPUIPlugin:80 - create IPUIPlugin
2023-08-15 22:26:14,909 [INFO] PluginManager:220 - loadIPPluginJar : add i2s
2023-08-15 22:26:14,943 [INFO] IPUIPlugin:80 - create IPUIPlugin
2023-08-15 22:26:14,943 [INFO] PluginManager:220 - loadIPPluginJar : add i3c
2023-08-15 22:26:15,023 [INFO] IPUIPlugin:80 - create IPUIPlugin
2023-08-15 22:26:15,023 [INFO] PluginManager:220 - loadIPPluginJar : add ipddr
2023-08-15 22:26:15,089 [INFO] IPUIPlugin:80 - create IPUIPlugin
2023-08-15 22:26:15,089 [INFO] PluginManager:220 - loadIPPluginJar : add linkedlist
2023-08-15 22:26:15,115 [INFO] IPUIPlugin:80 - create IPUIPlugin
2023-08-15 22:26:15,115 [INFO] PluginManager:220 - loadIPPluginJar : add lorawan
2023-08-15 22:26:15,142 [INFO] IPUIPlugin:80 - create IPUIPlugin
2023-08-15 22:26:15,142 [INFO] PluginManager:220 - loadIPPluginJar : add ltdc
2023-08-15 22:26:15,154 [INFO] IPUIPlugin:80 - create IPUIPlugin
2023-08-15 22:26:15,154 [INFO] PluginManager:220 - loadIPPluginJar : add mdma
2023-08-15 22:26:15,164 [INFO] IPUIPlugin:80 - create IPUIPlugin
2023-08-15 22:26:15,165 [INFO] PluginManager:220 - loadIPPluginJar : add nvic
2023-08-15 22:26:15,191 [INFO] IPUIPlugin:80 - create IPUIPlugin
2023-08-15 22:26:15,191 [INFO] PluginManager:220 - loadIPPluginJar : add opamp
2023-08-15 22:26:15,234 [INFO] IPUIPlugin:80 - create IPUIPlugin
2023-08-15 22:26:15,234 [INFO] PluginManager:220 - loadIPPluginJar : add openamp
2023-08-15 22:26:15,264 [INFO] IPUIPlugin:80 - create IPUIPlugin
2023-08-15 22:26:15,265 [INFO] PluginManager:220 - loadIPPluginJar : add pdm2pcm
2023-08-15 22:26:15,276 [INFO] IPUIPlugin:80 - create IPUIPlugin
2023-08-15 22:26:15,278 [INFO] PluginManager:220 - loadIPPluginJar : add plateformsettings
2023-08-15 22:26:15,296 [INFO] IPUIPlugin:80 - create IPUIPlugin
2023-08-15 22:26:15,296 [INFO] PluginManager:220 - loadIPPluginJar : add quadspi
2023-08-15 22:26:15,306 [INFO] IPUIPlugin:80 - create IPUIPlugin
2023-08-15 22:26:15,306 [INFO] PluginManager:220 - loadIPPluginJar : add resmgrutility
2023-08-15 22:26:15,343 [INFO] IPUIPlugin:80 - create IPUIPlugin
2023-08-15 22:26:15,343 [INFO] PluginManager:220 - loadIPPluginJar : add sai
2023-08-15 22:26:15,371 [INFO] IPUIPlugin:80 - create IPUIPlugin
2023-08-15 22:26:15,371 [INFO] PluginManager:220 - loadIPPluginJar : add spi
2023-08-15 22:26:15,416 [INFO] IPUIPlugin:80 - create IPUIPlugin
2023-08-15 22:26:15,416 [INFO] PluginManager:220 - loadIPPluginJar : add stm32_wpan
2023-08-15 22:26:15,435 [INFO] IPUIPlugin:80 - create IPUIPlugin
2023-08-15 22:26:15,435 [INFO] PluginManager:220 - loadIPPluginJar : add tim
2023-08-15 22:26:15,476 [INFO] IPUIPlugin:80 - create IPUIPlugin
2023-08-15 22:26:15,476 [INFO] PluginManager:220 - loadIPPluginJar : add touchsensing
2023-08-15 22:26:15,494 [INFO] IPUIPlugin:80 - create IPUIPlugin
2023-08-15 22:26:15,494 [INFO] PluginManager:220 - loadIPPluginJar : add tracer_emb
2023-08-15 22:26:15,512 [INFO] IPUIPlugin:80 - create IPUIPlugin
2023-08-15 22:26:15,512 [INFO] PluginManager:220 - loadIPPluginJar : add ts
2023-08-15 22:26:15,528 [INFO] IPUIPlugin:80 - create IPUIPlugin
2023-08-15 22:26:15,528 [INFO] PluginManager:220 - loadIPPluginJar : add tsc
2023-08-15 22:26:15,545 [INFO] IPUIPlugin:80 - create IPUIPlugin
2023-08-15 22:26:15,545 [INFO] PluginManager:220 - loadIPPluginJar : add ucpd
2023-08-15 22:26:15,578 [INFO] IPUIPlugin:80 - create IPUIPlugin
2023-08-15 22:26:15,578 [INFO] PluginManager:220 - loadIPPluginJar : add usart
2023-08-15 22:26:15,610 [INFO] IPUIPlugin:80 - create IPUIPlugin
2023-08-15 22:26:15,610 [INFO] PluginManager:220 - loadIPPluginJar : add usbx
2023-08-15 22:26:15,721 [INFO] CADModel:165 - CPN selected for project level
2023-08-15 22:26:15,721 [INFO] CADModel:114 - Register for checkConnection events
2023-08-15 22:26:15,721 [FATAL] Updater:308 - Updater called before beeing initialized
2023-08-15 22:26:15,721 [ERROR] CADModel:125 - Updater not yet initialized, retry later 
2023-08-15 22:26:15,825 [INFO] CADModel:165 - CPN selected for project level
2023-08-15 22:26:15,825 [INFO] CADModel:114 - Register for checkConnection events
2023-08-15 22:26:15,825 [FATAL] Updater:308 - Updater called before beeing initialized
2023-08-15 22:26:15,825 [ERROR] CADModel:125 - Updater not yet initialized, retry later 
2023-08-15 22:26:15,827 [FATAL] Updater:308 - Updater called before beeing initialized
2023-08-15 22:26:15,908 [FATAL] Updater:308 - Updater called before beeing initialized
2023-08-15 22:26:15,917 [INFO] DbMcusAds:53 - JSON generation date=Tue Mar 07 09:50:55 CET 2023 (1678179055114)
2023-08-15 22:26:15,917 [FATAL] Updater:308 - Updater called before beeing initialized
2023-08-15 22:26:15,981 [WARN] DetailPanel:346 - Failed to get advertising image, set to default
2023-08-15 22:26:16,062 [FATAL] Updater:308 - Updater called before beeing initialized
2023-08-15 22:26:16,064 [FATAL] Updater:308 - Updater called before beeing initialized
2023-08-15 22:26:16,064 [FATAL] Updater:308 - Updater called before beeing initialized
2023-08-15 22:26:16,064 [WARN] DetailPanel:346 - Failed to get advertising image, set to default
2023-08-15 22:26:16,065 [FATAL] Updater:308 - Updater called before beeing initialized
2023-08-15 22:26:16,111 [ERROR] Updater:1120 - MainUpdater not yet initialized. External WinMGr cannot be set.
2023-08-15 22:26:16,119 [INFO] Updater:1056 - Updater Version found : 6.9.1
2023-08-15 22:26:16,134 [INFO] ApplicationProperties:184 - Using Application install path: C:\STM32\STM32CubeIDE\STM32CubeIDE\plugins\com.st.stm32cube.common.mx_6.9.1.202307191849
2023-08-15 22:26:16,706 [INFO] MainUpdater:2868 - connection check result : 10
2023-08-15 22:26:16,707 [INFO] MainUpdater:285 - Updater Check For Update Now.
2023-08-15 22:26:16,707 [INFO] MicroXplorer:498 - Change Database Version : DB.6.0.91
2023-08-15 22:26:16,719 [INFO] McuFinderGlobals:63 - Set McuFinder mode to 2 (CubeIDE integrated)
2023-08-15 22:26:16,896 [WARN] MainUpdater:1189 - Updater busy. Cannot search thirdparties
2023-08-15 22:26:16,896 [INFO] ThirdPartyUpdaterWithRetryManager:96 - Updater plugin is busy. [1/15]
2023-08-15 22:26:16,903 [INFO] CheckServerUpdateThread:120 - End of CheckServer Thread
2023-08-15 22:26:20,006 [WARN] PackLoader:240 - Cannot read IP mode file for STMicroelectronics.X-CUBE-SMBUS.2.1.0
2023-08-15 22:26:20,043 [WARN] PackLoader:240 - Cannot read IP mode file for STMicroelectronics.X-CUBE-AZRTOS-F7.1.1.0
2023-08-15 22:26:20,059 [WARN] PackLoader:240 - Cannot read IP mode file for STMicroelectronics.FP-SNS-MOTENV1.4.3.2
2023-08-15 22:26:20,073 [WARN] PackLoader:240 - Cannot read IP mode file for STMicroelectronics.X-CUBE-BLE1.6.2.4
2023-08-15 22:26:20,084 [WARN] PackLoader:240 - Cannot read IP mode file for STMicroelectronics.FP-SNS-FLIGHT1.5.0.2
2023-08-15 22:26:20,098 [WARN] PackLoader:240 - Cannot read IP mode file for STMicroelectronics.X-CUBE-DISPLAY.3.0.0
2023-08-15 22:26:20,205 [WARN] PackLoader:240 - Cannot read IP mode file for emotas.I-CUBE-CANOPEN.1.3.0
2023-08-15 22:26:20,216 [WARN] PackLoader:240 - Cannot read IP mode file for STMicroelectronics.X-CUBE-TOUCHGFX.4.22.0
2023-08-15 22:26:20,260 [WARN] PackLoader:240 - Cannot read IP mode file for STMicroelectronics.X-CUBE-MEMS1.9.3.0
2023-08-15 22:26:20,527 [INFO] LogOutputStream:77 - [STDOUT_REDIRECT] 1 : Invalid condition id : UX_CORESTACK_Condition cause : null
2023-08-15 22:26:20,527 [INFO] LogOutputStream:77 - [STDOUT_REDIRECT] 1 : Invalid condition id : UX_CORESTACK_Condition cause : null
2023-08-15 22:26:20,528 [INFO] LogOutputStream:77 - [STDOUT_REDIRECT] 1 : Invalid condition id : UX_CORESTACK_Condition cause : null
2023-08-15 22:26:20,529 [INFO] LogOutputStream:77 - [STDOUT_REDIRECT] 1 : Invalid condition id : UX_CORESTACK_Condition cause : null
2023-08-15 22:26:20,531 [INFO] LogOutputStream:77 - [STDOUT_REDIRECT] 1 : Invalid condition id : UX_CORESTACK_Condition cause : null
2023-08-15 22:26:20,533 [WARN] PackLoader:240 - Cannot read IP mode file for STMicroelectronics.X-CUBE-AZRTOS-WL.2.0.0
2023-08-15 22:26:20,545 [WARN] PackLoader:240 - Cannot read IP mode file for WES.I-CUBE-Cesium.1.3.0
2023-08-15 22:26:20,557 [WARN] PackLoader:240 - Cannot read IP mode file for STMicroelectronics.X-CUBE-BLE2.3.3.0
2023-08-15 22:26:20,566 [WARN] PackLoader:240 - Cannot read IP mode file for STMicroelectronics.X-CUBE-DISPLAY.2.2.0
2023-08-15 22:26:20,645 [WARN] PackLoader:240 - Cannot read IP mode file for STMicroelectronics.X-CUBE-MEMS1.9.4.0
2023-08-15 22:26:20,821 [WARN] PackLoader:240 - Cannot read IP mode file for STMicroelectronics.X-CUBE-ALGOBUILD.1.3.0
2023-08-15 22:26:20,841 [WARN] PackLoader:240 - Cannot read IP mode file for STMicroelectronics.X-CUBE-AZRTOS-G0.1.1.0
2023-08-15 22:26:20,851 [WARN] PackLoader:240 - Cannot read IP mode file for STMicroelectronics.X-CUBE-NFC4.3.0.0
2023-08-15 22:26:20,860 [WARN] PackLoader:240 - Cannot read IP mode file for STMicroelectronics.FP-ATR-SIGFOX1.3.2.0
2023-08-15 22:26:20,895 [WARN] PackLoader:240 - Cannot read IP mode file for STMicroelectronics.X-CUBE-MEMS1.9.5.0
2023-08-15 22:26:21,055 [WARN] PackLoader:240 - Cannot read IP mode file for SEGGER.I-CUBE-embOS.1.3.1
2023-08-15 22:26:21,086 [WARN] PackLoader:240 - Cannot read IP mode file for STMicroelectronics.X-CUBE-GNSS1.6.0.0
2023-08-15 22:26:21,105 [WARN] PackLoader:240 - Cannot read IP mode file for STMicroelectronics.X-CUBE-AZRTOS-F4.1.1.0
2023-08-15 22:26:21,114 [WARN] PackLoader:240 - Cannot read IP mode file for wolfSSL.I-CUBE-wolfSSL.5.6.3
2023-08-15 22:26:21,132 [WARN] PackLoader:240 - Cannot read IP mode file for STMicroelectronics.X-CUBE-AZRTOS-L5.2.0.0
2023-08-15 22:26:21,166 [WARN] PackLoader:240 - Cannot read IP mode file for STMicroelectronics.X-CUBE-MEMS1.9.6.0
2023-08-15 22:26:21,312 [WARN] PackLoader:240 - Cannot read IP mode file for STMicroelectronics.X-CUBE-BLEMGR.2.0.0
2023-08-15 22:26:21,332 [WARN] ConditionMgr:438 - getConditionDescription Invalid condition id : UX DEVICE CLASS RTOS Condition cause : null
2023-08-15 22:26:21,332 [WARN] ConditionMgr:438 - getConditionDescription Invalid condition id : UX DEVICE CLASS RTOS Condition cause : null
2023-08-15 22:26:21,333 [WARN] PackLoader:240 - Cannot read IP mode file for STMicroelectronics.X-CUBE-AZRTOS-H7.3.1.0
2023-08-15 22:26:21,334 [WARN] ConditionMgr:1039 - genDependencies : Invalid condition id : UX DEVICE CLASS RTOS Condition cause : null
2023-08-15 22:26:21,334 [WARN] ConditionMgr:1039 - genDependencies : Invalid condition id : UX DEVICE CLASS RTOS Condition cause : null
2023-08-15 22:26:21,334 [WARN] ConditionMgr:1039 - genDependencies : Invalid condition id : UX DEVICE CLASS RTOS Condition cause : null
2023-08-15 22:26:21,335 [WARN] ConditionMgr:1039 - genDependencies : Invalid condition id : UX DEVICE CLASS RTOS Condition cause : null
2023-08-15 22:26:21,335 [WARN] ConditionMgr:1039 - genDependencies : Invalid condition id : UX DEVICE CLASS RTOS Condition cause : null
2023-08-15 22:26:21,346 [WARN] PackLoader:240 - Cannot read IP mode file for STMicroelectronics.X-CUBE-NFC7.1.0.1
2023-08-15 22:26:21,356 [WARN] PackLoader:240 - Cannot read IP mode file for STMicroelectronics.X-CUBE-EEPRMA1.4.1.0
2023-08-15 22:26:21,364 [WARN] PackLoader:240 - Cannot read IP mode file for STMicroelectronics.X-CUBE-AI.8.1.0
2023-08-15 22:26:21,383 [WARN] ConditionMgr:438 - getConditionDescription Invalid condition id : LAN8742 Phy interface Condition cause : null
2023-08-15 22:26:21,383 [WARN] PackLoader:240 - Cannot read IP mode file for STMicroelectronics.X-CUBE-AZRTOS-L4.2.0.0
2023-08-15 22:26:21,384 [WARN] ConditionMgr:1039 - genDependencies : Invalid condition id : LAN8742 Phy interface Condition cause : null
2023-08-15 22:26:21,384 [WARN] ConditionMgr:1039 - genDependencies : Invalid condition id : LAN8742 Phy interface Condition cause : null
2023-08-15 22:26:21,384 [WARN] ConditionMgr:1039 - genDependencies : Invalid condition id : LAN8742 Phy interface Condition cause : null
2023-08-15 22:26:21,395 [WARN] PackLoader:240 - Cannot read IP mode file for STMicroelectronics.X-CUBE-SFXS2LP1.4.0.0
2023-08-15 22:26:21,404 [WARN] PackLoader:240 - Cannot read IP mode file for STMicroelectronics.X-CUBE-ISPU.1.1.0
2023-08-15 22:26:21,420 [WARN] ConditionMgr:438 - getConditionDescription Invalid condition id : UX DEVICE CLASS RTOS Condition cause : null
2023-08-15 22:26:21,420 [WARN] ConditionMgr:438 - getConditionDescription Invalid condition id : UX DEVICE CLASS RTOS Condition cause : null
2023-08-15 22:26:21,421 [WARN] PackLoader:240 - Cannot read IP mode file for STMicroelectronics.X-CUBE-AZRTOS-WB.2.0.0
2023-08-15 22:26:21,421 [WARN] ConditionMgr:1039 - genDependencies : Invalid condition id : UX DEVICE CLASS RTOS Condition cause : null
2023-08-15 22:26:21,421 [WARN] ConditionMgr:1039 - genDependencies : Invalid condition id : UX DEVICE CLASS RTOS Condition cause : null
2023-08-15 22:26:21,422 [WARN] ConditionMgr:1039 - genDependencies : Invalid condition id : UX DEVICE CLASS RTOS Condition cause : null
2023-08-15 22:26:21,422 [WARN] ConditionMgr:1039 - genDependencies : Invalid condition id : UX DEVICE CLASS RTOS Condition cause : null
2023-08-15 22:26:21,422 [WARN] ConditionMgr:1039 - genDependencies : Invalid condition id : UX DEVICE CLASS RTOS Condition cause : null
2023-08-15 22:26:21,431 [WARN] PackLoader:240 - Cannot read IP mode file for STMicroelectronics.X-CUBE-FREERTOS.1.0.1
2023-08-15 22:26:21,451 [WARN] PackLoader:240 - Cannot read IP mode file for STMicroelectronics.X-CUBE-AZRTOS-L5.1.1.0
2023-08-15 22:26:21,460 [WARN] PackLoader:240 - Cannot read IP mode file for STMicroelectronics.X-CUBE-AI.8.0.1
2023-08-15 22:26:21,474 [WARN] PackLoader:240 - Cannot read IP mode file for STMicroelectronics.X-CUBE-SUBG2.5.0.0
2023-08-15 22:26:21,495 [WARN] PackLoader:240 - Cannot read IP mode file for STMicroelectronics.X-CUBE-TOF1.3.3.1
2023-08-15 22:26:21,516 [WARN] PackLoader:240 - Cannot read IP mode file for STMicroelectronics.X-CUBE-AZRTOS-G4.2.0.0
2023-08-15 22:26:21,527 [WARN] PackLoader:240 - Cannot read IP mode file for portGmbH.I-Cube-SoM-uGOAL.1.1.0
2023-08-15 22:26:21,537 [WARN] PackLoader:240 - Cannot read IP mode file for STMicroelectronics.X-CUBE-ALS.1.0.1
2023-08-15 22:26:21,551 [WARN] PackLoader:240 - Cannot read IP mode file for STMicroelectronics.X-CUBE-AZRTOS-WB.1.1.0
2023-08-15 22:26:21,560 [WARN] PackLoader:240 - Cannot read IP mode file for STMicroelectronics.FP-ATR-ASTRA1.2.0.0
2023-08-15 22:26:21,561 [INFO] ThirdParty:978 - Integrity check success = true
2023-08-15 22:26:21,561 [INFO] IntegrityCheckThread:100 - exiting critical section [integrity check]
2023-08-15 22:26:21,561 [INFO] IntegrityCheckThread:103 - End integrity checks thread
2023-08-15 22:26:26,185 [ERROR] LogOutputStream:75 - [STDERR_REDIRECT] Managed Build system manifest file error: Option fr.ac6.managedbuild.option.gnu.cross.mcu.1409818011 uses a null category that is invalid in its context. The option was ignored.
2023-08-15 22:26:26,188 [ERROR] LogOutputStream:75 - [STDERR_REDIRECT] Managed Build system manifest file error: Option fr.ac6.managedbuild.option.gnu.cross.fpu.1545163745 uses a null category that is invalid in its context. The option was ignored.
2023-08-15 22:26:26,190 [ERROR] LogOutputStream:75 - [STDERR_REDIRECT] Managed Build system manifest file error: Option fr.ac6.managedbuild.option.gnu.cross.floatabi.522402129 uses a null category that is invalid in its context. The option was ignored.
2023-08-15 22:26:26,193 [ERROR] LogOutputStream:75 - [STDERR_REDIRECT] Managed Build system manifest file error: Option fr.ac6.managedbuild.option.gnu.cross.board.354677494 uses a null category that is invalid in its context. The option was ignored.
2023-08-15 22:26:26,312 [ERROR] LogOutputStream:75 - [STDERR_REDIRECT] Managed Build system manifest file error: Option fr.ac6.managedbuild.option.gnu.cross.mcu.129742028 uses a null category that is invalid in its context. The option was ignored.
2023-08-15 22:26:26,314 [ERROR] LogOutputStream:75 - [STDERR_REDIRECT] Managed Build system manifest file error: Option fr.ac6.managedbuild.option.gnu.cross.fpu.1735338073 uses a null category that is invalid in its context. The option was ignored.
2023-08-15 22:26:26,317 [ERROR] LogOutputStream:75 - [STDERR_REDIRECT] Managed Build system manifest file error: Option fr.ac6.managedbuild.option.gnu.cross.floatabi.1338647986 uses a null category that is invalid in its context. The option was ignored.
2023-08-15 22:26:26,320 [ERROR] LogOutputStream:75 - [STDERR_REDIRECT] Managed Build system manifest file error: Option fr.ac6.managedbuild.option.gnu.cross.board.1557773064 uses a null category that is invalid in its context. The option was ignored.
2023-08-15 22:26:26,481 [ERROR] LogOutputStream:75 - [STDERR_REDIRECT] SLF4J: Failed to load class "org.slf4j.impl.StaticLoggerBinder".
2023-08-15 22:26:26,483 [ERROR] LogOutputStream:75 - [STDERR_REDIRECT] SLF4J: Defaulting to no-operation (NOP) logger implementation
2023-08-15 22:26:26,486 [ERROR] LogOutputStream:75 - [STDERR_REDIRECT] SLF4J: See http://www.slf4j.org/codes.html#StaticLoggerBinder for further details.
